Build started 3/14/2014 11:36:33 AM.
     1>Project "c:\Users\Tanner\documents\visual studio 2012\Projects\Homework 4\Homework 4\Homework 4.vcxproj" on node 2 (Build target(s)).
     1>ClCompile:
         C:\Program Files (x86)\Microsoft Visual Studio 11.0\VC\bin\CL.exe /c /ZI /nologo /W3 /WX- /sdl /Od /Oy- /D WIN32 /D _DEBUG /D _CONSOLE /D _UNICODE /D UNICODE /Gm /EHsc /RTC1 /MDd /GS /fp:precise /Zc:wchar_t /Zc:forScope /Fo"Debug\\" /Fd"Debug\vc110.pdb" /Gd /TP /analyze- /errorReport:prompt main.cpp
         main.cpp
     1>c:\users\tanner\documents\visual studio 2012\projects\homework 4\homework 4\removegreeneffect.h(9): warning C4018: '<' : signed/unsigned mismatch
     1>c:\users\tanner\documents\visual studio 2012\projects\homework 4\homework 4\removeredeffect.h(9): warning C4018: '<' : signed/unsigned mismatch
     1>c:\users\tanner\documents\visual studio 2012\projects\homework 4\homework 4\removeblueeffect.h(9): warning C4018: '<' : signed/unsigned mismatch
     1>c:\users\tanner\documents\visual studio 2012\projects\homework 4\homework 4\negateredeffect.h(10): warning C4018: '<' : signed/unsigned mismatch
     1>c:\users\tanner\documents\visual studio 2012\projects\homework 4\homework 4\negategreeneffect.h(10): warning C4018: '<' : signed/unsigned mismatch
     1>c:\users\tanner\documents\visual studio 2012\projects\homework 4\homework 4\negateblueeffect.h(10): warning C4018: '<' : signed/unsigned mismatch
     1>c:\users\tanner\documents\visual studio 2012\projects\homework 4\homework 4\addrandomnoise.h(11): warning C4018: '<' : signed/unsigned mismatch
     1>c:\users\tanner\documents\visual studio 2012\projects\homework 4\homework 4\highcontrast.h(10): warning C4018: '<' : signed/unsigned mismatch
     1>c:\users\tanner\documents\visual studio 2012\projects\homework 4\homework 4\greyscale.h(14): warning C4018: '<' : signed/unsigned mismatch
     1>c:\users\tanner\documents\visual studio 2012\projects\homework 4\homework 4\flipvertandhoriz.h(10): warning C4018: '<' : signed/unsigned mismatch
     1>c:\users\tanner\documents\visual studio 2012\projects\homework 4\homework 4\main.cpp(69): warning C4018: '<' : signed/unsigned mismatch
     1>c:\users\tanner\documents\visual studio 2012\projects\homework 4\homework 4\main.cpp(157): warning C4018: '<' : signed/unsigned mismatch
     1>c:\users\tanner\documents\visual studio 2012\projects\homework 4\homework 4\main.cpp(35): warning C4101: 'splitter' : unreferenced local variable
       Link:
         C:\Program Files (x86)\Microsoft Visual Studio 11.0\VC\bin\link.exe /ERRORREPORT:PROMPT /OUT:"c:\users\tanner\documents\visual studio 2012\Projects\Homework 4\Debug\Homework 4.exe" /INCREMENTAL /NOLOGO kernel32.lib user32.lib gdi32.lib winspool.lib comdlg32.lib advapi32.lib shell32.lib ole32.lib oleaut32.lib uuid.lib odbc32.lib odbccp32.lib /MANIFEST /MANIFESTUAC:"level='asInvoker' uiAccess='false'" /manifest:embed /DEBUG /PDB:"c:\users\tanner\documents\visual studio 2012\Projects\Homework 4\Debug\Homework 4.pdb" /SUBSYSTEM:CONSOLE /TLBID:1 /DYNAMICBASE /NXCOMPAT /IMPLIB:"c:\users\tanner\documents\visual studio 2012\Projects\Homework 4\Debug\Homework 4.lib" /MACHINE:X86 Debug\main.obj
         Debug\RandomNumberGenerator.obj
         Homework 4.vcxproj -> c:\users\tanner\documents\visual studio 2012\Projects\Homework 4\Debug\Homework 4.exe
     1>Done Building Project "c:\Users\Tanner\documents\visual studio 2012\Projects\Homework 4\Homework 4\Homework 4.vcxproj" (Build target(s)).

Build succeeded.

Time Elapsed 00:00:01.31
